<?xml version="1.0" encoding="UTF-8"?>
<testsuites>
  <testsuite name="fastlane.lanes">
    
    
    
      
      <testcase classname="fastlane.lanes" name="0: default_platform" time="0.000218">
        
      </testcase>
    
      
      <testcase classname="fastlane.lanes" name="1: clean assembleDebug" time="23.666363">
        
          <failure message="/Library/Ruby/Gems/2.6.0/gems/fastlane-2.198.1/fastlane/lib/fastlane/actions/actions_helper.rb:67:in `execute_action'&#10;/Library/Ruby/Gems/2.6.0/gems/fastlane-2.198.1/fastlane/lib/fastlane/runner.rb:255:in `block in execute_action'&#10;/Library/Ruby/Gems/2.6.0/gems/fastlane-2.198.1/fastlane/lib/fastlane/runner.rb:229:in `chdir'&#10;/Library/Ruby/Gems/2.6.0/gems/fastlane-2.198.1/fastlane/lib/fastlane/runner.rb:229:in `execute_action'&#10;/Library/Ruby/Gems/2.6.0/gems/fastlane-2.198.1/fastlane/lib/fastlane/runner.rb:157:in `trigger_action_by_name'&#10;/Library/Ruby/Gems/2.6.0/gems/fastlane-2.198.1/fastlane/lib/fastlane/fast_file.rb:159:in `method_missing'&#10;Fastfile:8:in `block (2 levels) in parsing_binding'&#10;/Library/Ruby/Gems/2.6.0/gems/fastlane-2.198.1/fastlane/lib/fastlane/lane.rb:33:in `call'&#10;/Library/Ruby/Gems/2.6.0/gems/fastlane-2.198.1/fastlane/lib/fastlane/runner.rb:49:in `block in execute'&#10;/Library/Ruby/Gems/2.6.0/gems/fastlane-2.198.1/fastlane/lib/fastlane/runner.rb:45:in `chdir'&#10;/Library/Ruby/Gems/2.6.0/gems/fastlane-2.198.1/fastlane/lib/fastlane/runner.rb:45:in `execute'&#10;/Library/Ruby/Gems/2.6.0/gems/fastlane-2.198.1/fastlane/lib/fastlane/lane_manager.rb:47:in `cruise_lane'&#10;/Library/Ruby/Gems/2.6.0/gems/fastlane-2.198.1/fastlane/lib/fastlane/command_line_handler.rb:36:in `handle'&#10;/Library/Ruby/Gems/2.6.0/gems/fastlane-2.198.1/fastlane/lib/fastlane/commands_generator.rb:109:in `block (2 levels) in run'&#10;/Library/Ruby/Gems/2.6.0/gems/commander-4.6.0/lib/commander/command.rb:187:in `call'&#10;/Library/Ruby/Gems/2.6.0/gems/commander-4.6.0/lib/commander/command.rb:157:in `run'&#10;/Library/Ruby/Gems/2.6.0/gems/commander-4.6.0/lib/commander/runner.rb:444:in `run_active_command'&#10;/Library/Ruby/Gems/2.6.0/gems/fastlane-2.198.1/fastlane_core/lib/fastlane_core/ui/fastlane_runner.rb:117:in `run!'&#10;/Library/Ruby/Gems/2.6.0/gems/commander-4.6.0/lib/commander/delegates.rb:18:in `run!'&#10;/Library/Ruby/Gems/2.6.0/gems/fastlane-2.198.1/fastlane/lib/fastlane/commands_generator.rb:353:in `run'&#10;/Library/Ruby/Gems/2.6.0/gems/fastlane-2.198.1/fastlane/lib/fastlane/commands_generator.rb:42:in `start'&#10;/Library/Ruby/Gems/2.6.0/gems/fastlane-2.198.1/fastlane/lib/fastlane/cli_tools_distributor.rb:122:in `take_off'&#10;/Library/Ruby/Gems/2.6.0/gems/fastlane-2.198.1/bin/fastlane:23:in `&lt;top (required)&gt;'&#10;/usr/local/bin/fastlane:23:in `load'&#10;/usr/local/bin/fastlane:23:in `&lt;top (required)&gt;'&#10;/Library/Ruby/Gems/2.6.0/gems/bundler-2.2.32/lib/bundler/cli/exec.rb:58:in `load'&#10;/Library/Ruby/Gems/2.6.0/gems/bundler-2.2.32/lib/bundler/cli/exec.rb:58:in `kernel_load'&#10;/Library/Ruby/Gems/2.6.0/gems/bundler-2.2.32/lib/bundler/cli/exec.rb:23:in `run'&#10;/Library/Ruby/Gems/2.6.0/gems/bundler-2.2.32/lib/bundler/cli.rb:478:in `exec'&#10;/Library/Ruby/Gems/2.6.0/gems/bundler-2.2.32/lib/bundler/vendor/thor/lib/thor/command.rb:27:in `run'&#10;/Library/Ruby/Gems/2.6.0/gems/bundler-2.2.32/lib/bundler/vendor/thor/lib/thor/invocation.rb:127:in `invoke_command'&#10;/Library/Ruby/Gems/2.6.0/gems/bundler-2.2.32/lib/bundler/vendor/thor/lib/thor.rb:392:in `dispatch'&#10;/Library/Ruby/Gems/2.6.0/gems/bundler-2.2.32/lib/bundler/cli.rb:31:in `dispatch'&#10;/Library/Ruby/Gems/2.6.0/gems/bundler-2.2.32/lib/bundler/vendor/thor/lib/thor/base.rb:485:in `start'&#10;/Library/Ruby/Gems/2.6.0/gems/bundler-2.2.32/lib/bundler/cli.rb:25:in `start'&#10;/Library/Ruby/Gems/2.6.0/gems/bundler-2.2.32/exe/bundle:49:in `block in &lt;top (required)&gt;'&#10;/Library/Ruby/Gems/2.6.0/gems/bundler-2.2.32/lib/bundler/friendly_errors.rb:103:in `with_friendly_errors'&#10;/Library/Ruby/Gems/2.6.0/gems/bundler-2.2.32/exe/bundle:37:in `&lt;top (required)&gt;'&#10;/usr/local/bin/bundle:23:in `load'&#10;/usr/local/bin/bundle:23:in `&lt;main&gt;'&#10;&#10;Exit status of command '/Users/admin/Desktop/android/dev-wallet-android/gradlew clean assembleDebug -p .' was 1 instead of 0.&#10;&#10;&gt; Configure project :&#10;Build was configured to prefer settings repositories over project repositories but repository 'maven' was added by build file 'build.gradle'&#10;Build was configured to prefer settings repositories over project repositories but repository 'Google' was added by build file 'build.gradle'&#10;&#10;&gt; Configure project :app&#10;WARNING:API 'BaseVariant.getApplicationIdTextResource' is obsolete and has been replaced with 'VariantProperties.applicationId'.&#10;It will be removed in version 7.0 of the Android Gradle plugin.&#10;For more information, see TBD.&#10;To determine what is calling BaseVariant.getApplicationIdTextResource, use -Pandroid.debug.obsoleteApi=true on the command line to display more information.&#10;&#10;&gt; Task :clean&#10;&gt; Task :app:clean&#10;&gt; Task :app:preBuild UP-TO-DATE&#10;&gt; Task :app:preDebugBuild UP-TO-DATE&#10;&gt; Task :app:compileDebugAidl NO-SOURCE&#10;&gt; Task :app:compileDebugRenderscript NO-SOURCE&#10;&gt; Task :app:dataBindingMergeDependencyArtifactsDebug&#10;&gt; Task :app:dataBindingMergeGenClassesDebug&#10;&gt; Task :app:generateDebugResValues&#10;&gt; Task :app:generateDebugResources&#10;&gt; Task :app:processDebugGoogleServices&#10;&gt; Task :app:generateDebugBuildConfig&#10;&gt; Task :app:writeDebugApplicationId&#10;&gt; Task :app:generateSafeArgsDebug&#10;&gt; Task :app:createDebugCompatibleScreenManifests&#10;&gt; Task :app:checkDebugAarMetadata&#10;&gt; Task :app:extractDeepLinksDebug&#10;&gt; Task :app:processDebugMainManifest&#10;&gt; Task :app:processDebugManifest&#10;&gt; Task :app:mergeDebugNativeDebugMetadata NO-SOURCE&#10;&gt; Task :app:javaPreCompileDebug&#10;&gt; Task :app:mergeDebugShaders&#10;&gt; Task :app:compileDebugShaders NO-SOURCE&#10;&gt; Task :app:generateDebugAssets UP-TO-DATE&#10;&gt; Task :app:mergeDebugAssets&#10;&gt; Task :app:processDebugJavaRes NO-SOURCE&#10;&gt; Task :app:compressDebugAssets&#10;&gt; Task :app:mergeDebugJniLibFolders&#10;&gt; Task :app:checkDebugDuplicateClasses&#10;&gt; Task :app:mergeDebugResources&#10;&gt; Task :app:validateSigningDebug&#10;&gt; Task :app:mergeDebugNativeLibs&#10;&gt; Task :app:dataBindingGenBaseClassesDebug&#10;&gt; Task :app:mergeLibDexDebug&#10;&#10;&gt; Task :app:stripDebugDebugSymbols&#10;Unable to strip the following libraries, packaging them as they are: libTrustWalletCore.so, libsentry-android.so, libsentry.so.&#10;&#10;&gt; Task :app:writeDebugAppMetadata&#10;&gt; Task :app:writeDebugSigningConfigVersions&#10;&gt; Task :app:processDebugManifestForPackage&#10;&gt; Task :app:desugarDebugFileDependencies&#10;&gt; Task :app:processDebugResources&#10;&gt; Task :app:mergeExtDexDebug&#10;&gt; Task :app:kaptGenerateStubsDebugKotlin&#10;&gt; Task :app:kaptDebugKotlin FAILED&#10;&#10;FAILURE: Build failed with an exception.&#10;&#10;* What went wrong:&#10;Execution failed for task ':app:kaptDebugKotlin'.&#10;&gt; A failure occurred while executing org.jetbrains.kotlin.gradle.internal.KaptWithoutKotlincTask$KaptExecutionWorkAction&#10;   &gt; java.lang.reflect.InvocationTargetException (no error message)&#10;&#10;* Try:&#10;Run with --stacktrace option to get the stack trace. Run with --info or --debug option to get more log output. Run with --scan to get full insights.&#10;&#10;* Get more help at https://help.gradle.org&#10;&#10;Deprecated Gradle features were used in this build, making it incompatible with Gradle 8.0.&#10;&#10;You can use '--warning-mode all' to show the individual deprecation warnings and determine if they come from your own scripts or plugins.&#10;&#10;See https://docs.gradle.org/7.1.1/userguide/command_line_interface.html#sec:command_line_warnings&#10;&#10;BUILD FAILED in 23s&#10;34 actionable tasks: 34 executed&#10;" />
        
      </testcase>
    
  </testsuite>
</testsuites>
